{"/Users/arman/Desktop/warehouse-api/warehouse-client/src/axios/index.ts": {"path":"/Users/arman/Desktop/warehouse-api/warehouse-client/src/axios/index.ts","statementMap":{"0":{"start":{"line":1,"column":0},"end":{"line":1,"column":26}},"1":{"start":{"line":2,"column":0},"end":{"line":2,"column":37}},"2":{"start":{"line":5,"column":0},"end":{"line":5,"column":40}},"3":{"start":{"line":7,"column":16},"end":{"line":13,"column":2}},"4":{"start":{"line":16,"column":0},"end":{"line":25,"column":3}},"5":{"start":{"line":19,"column":4},"end":{"line":19,"column":48}},"6":{"start":{"line":20,"column":4},"end":{"line":20,"column":29}},"7":{"start":{"line":23,"column":4},"end":{"line":23,"column":42}},"8":{"start":{"line":27,"column":0},"end":{"line":27,"column":23}}},"fnMap":{"0":{"name":"(anonymous_0)","decl":{"start":{"line":18,"column":14},"end":{"line":18,"column":15}},"loc":{"start":{"line":18,"column":29},"end":{"line":21,"column":3}}},"1":{"name":"(anonymous_1)","decl":{"start":{"line":22,"column":18},"end":{"line":22,"column":19}},"loc":{"start":{"line":22,"column":28},"end":{"line":24,"column":3}}}},"branchMap":{},"s":{"0":3,"1":3,"2":3,"3":3,"4":3,"5":2,"6":2,"7":2,"8":3},"f":{"0":2,"1":2},"b":{}}
,"/Users/arman/Desktop/warehouse-api/warehouse-client/src/components/Products/index.tsx": {"path":"/Users/arman/Desktop/warehouse-api/warehouse-client/src/components/Products/index.tsx","statementMap":{"0":{"start":{"line":1,"column":0},"end":{"line":1,"column":37}},"1":{"start":{"line":2,"column":0},"end":{"line":2,"column":42}},"2":{"start":{"line":3,"column":0},"end":{"line":3,"column":41}},"3":{"start":{"line":6,"column":0},"end":{"line":6,"column":44}},"4":{"start":{"line":9,"column":0},"end":{"line":9,"column":46}},"5":{"start":{"line":12,"column":0},"end":{"line":12,"column":60}},"6":{"start":{"line":15,"column":0},"end":{"line":15,"column":null}},"7":{"start":{"line":23,"column":0},"end":{"line":23,"column":38}},"8":{"start":{"line":24,"column":0},"end":{"line":24,"column":36}},"9":{"start":{"line":25,"column":0},"end":{"line":25,"column":42}},"10":{"start":{"line":27,"column":11},"end":{"line":27,"column":34}},"11":{"start":{"line":29,"column":28},"end":{"line":78,"column":1}},"12":{"start":{"line":30,"column":20},"end":{"line":30,"column":52}},"13":{"start":{"line":31,"column":19},"end":{"line":31,"column":51}},"14":{"start":{"line":32,"column":19},"end":{"line":32,"column":51}},"15":{"start":{"line":33,"column":16},"end":{"line":33,"column":42}},"16":{"start":{"line":34,"column":26},"end":{"line":34,"column":35}},"17":{"start":{"line":35,"column":28},"end":{"line":35,"column":72}},"18":{"start":{"line":37,"column":2},"end":{"line":43,"column":null}},"19":{"start":{"line":38,"column":4},"end":{"line":42,"column":6}},"20":{"start":{"line":45,"column":2},"end":{"line":47,"column":null}},"21":{"start":{"line":46,"column":4},"end":{"line":46,"column":60}},"22":{"start":{"line":49,"column":2},"end":{"line":77,"column":4}},"23":{"start":{"line":52,"column":8},"end":{"line":74,"column":10}},"24":{"start":{"line":57,"column":34},"end":{"line":57,"column":70}},"25":{"start":{"line":58,"column":16},"end":{"line":65,"column":18}},"26":{"start":{"line":69,"column":37},"end":{"line":69,"column":76}},"27":{"start":{"line":29,"column":13},"end":{"line":29,"column":28}}},"fnMap":{"0":{"name":"(anonymous_0)","decl":{"start":{"line":29,"column":28},"end":{"line":29,"column":31}},"loc":{"start":{"line":29,"column":33},"end":{"line":78,"column":1}}},"1":{"name":"(anonymous_1)","decl":{"start":{"line":51,"column":29},"end":{"line":51,"column":30}},"loc":{"start":{"line":51,"column":71},"end":{"line":75,"column":7}}},"2":{"name":"(anonymous_2)","decl":{"start":{"line":56,"column":28},"end":{"line":56,"column":29}},"loc":{"start":{"line":56,"column":66},"end":{"line":66,"column":15}}},"3":{"name":"(anonymous_3)","decl":{"start":{"line":69,"column":31},"end":{"line":69,"column":34}},"loc":{"start":{"line":69,"column":37},"end":{"line":69,"column":76}}}},"branchMap":{"0":{"loc":{"start":{"line":37,"column":2},"end":{"line":43,"column":null}},"type":"if","locations":[{"start":{"line":37,"column":2},"end":{"line":43,"column":null}}]},"1":{"loc":{"start":{"line":45,"column":2},"end":{"line":47,"column":null}},"type":"if","locations":[{"start":{"line":45,"column":2},"end":{"line":47,"column":null}}]},"2":{"loc":{"start":{"line":51,"column":52},"end":{"line":51,"column":65}},"type":"default-arg","locations":[{"start":{"line":51,"column":63},"end":{"line":51,"column":65}}]}},"s":{"0":1,"1":1,"2":1,"3":1,"4":1,"5":1,"6":1,"7":1,"8":1,"9":1,"10":1,"11":1,"12":5,"13":5,"14":5,"15":5,"16":5,"17":5,"18":5,"19":2,"20":3,"21":1,"22":2,"23":2,"24":2,"25":2,"26":0,"27":1},"f":{"0":5,"1":2,"2":2,"3":0},"b":{"0":[2],"1":[1],"2":[0]}}
,"/Users/arman/Desktop/warehouse-api/warehouse-client/src/components/common/Button/index.tsx": {"path":"/Users/arman/Desktop/warehouse-api/warehouse-client/src/components/common/Button/index.tsx","statementMap":{"0":{"start":{"line":2,"column":0},"end":{"line":2,"column":41}},"1":{"start":{"line":5,"column":0},"end":{"line":5,"column":42}},"2":{"start":{"line":14,"column":11},"end":{"line":14,"column":34}},"3":{"start":{"line":16,"column":39},"end":{"line":32,"column":1}},"4":{"start":{"line":22,"column":2},"end":{"line":31,"column":4}},"5":{"start":{"line":16,"column":13},"end":{"line":16,"column":39}}},"fnMap":{"0":{"name":"(anonymous_0)","decl":{"start":{"line":16,"column":39},"end":{"line":16,"column":40}},"loc":{"start":{"line":21,"column":5},"end":{"line":32,"column":1}}}},"branchMap":{"0":{"loc":{"start":{"line":17,"column":2},"end":{"line":17,"column":18}},"type":"default-arg","locations":[{"start":{"line":17,"column":13},"end":{"line":17,"column":18}}]},"1":{"loc":{"start":{"line":19,"column":2},"end":{"line":19,"column":17}},"type":"default-arg","locations":[{"start":{"line":19,"column":9},"end":{"line":19,"column":17}}]}},"s":{"0":2,"1":2,"2":2,"3":2,"4":5,"5":2},"f":{"0":5},"b":{"0":[4],"1":[5]}}
,"/Users/arman/Desktop/warehouse-api/warehouse-client/src/components/common/Card/index.tsx": {"path":"/Users/arman/Desktop/warehouse-api/warehouse-client/src/components/common/Card/index.tsx","statementMap":{"0":{"start":{"line":2,"column":0},"end":{"line":2,"column":41}},"1":{"start":{"line":4,"column":0},"end":{"line":4,"column":40}},"2":{"start":{"line":6,"column":11},"end":{"line":6,"column":34}},"3":{"start":{"line":12,"column":35},"end":{"line":14,"column":1}},"4":{"start":{"line":13,"column":2},"end":{"line":13,"column":54}},"5":{"start":{"line":12,"column":13},"end":{"line":12,"column":35}}},"fnMap":{"0":{"name":"(anonymous_0)","decl":{"start":{"line":12,"column":35},"end":{"line":12,"column":36}},"loc":{"start":{"line":12,"column":52},"end":{"line":14,"column":1}}}},"branchMap":{},"s":{"0":2,"1":2,"2":2,"3":2,"4":3,"5":2},"f":{"0":3},"b":{}}
,"/Users/arman/Desktop/warehouse-api/warehouse-client/src/components/common/Tag/index.tsx": {"path":"/Users/arman/Desktop/warehouse-api/warehouse-client/src/components/common/Tag/index.tsx","statementMap":{"0":{"start":{"line":2,"column":0},"end":{"line":2,"column":41}},"1":{"start":{"line":5,"column":0},"end":{"line":5,"column":39}},"2":{"start":{"line":11,"column":11},"end":{"line":11,"column":34}},"3":{"start":{"line":13,"column":33},"end":{"line":15,"column":1}},"4":{"start":{"line":14,"column":2},"end":{"line":14,"column":53}},"5":{"start":{"line":13,"column":13},"end":{"line":13,"column":33}}},"fnMap":{"0":{"name":"(anonymous_0)","decl":{"start":{"line":13,"column":33},"end":{"line":13,"column":34}},"loc":{"start":{"line":13,"column":50},"end":{"line":15,"column":1}}}},"branchMap":{},"s":{"0":2,"1":2,"2":2,"3":2,"4":3,"5":2},"f":{"0":3},"b":{}}
,"/Users/arman/Desktop/warehouse-api/warehouse-client/src/constants/index.ts": {"path":"/Users/arman/Desktop/warehouse-api/warehouse-client/src/constants/index.ts","statementMap":{"0":{"start":{"line":2,"column":13},"end":{"line":2,"column":48}}},"fnMap":{},"branchMap":{},"s":{"0":3},"f":{},"b":{}}
,"/Users/arman/Desktop/warehouse-api/warehouse-client/src/hooks/index.ts": {"path":"/Users/arman/Desktop/warehouse-api/warehouse-client/src/hooks/index.ts","statementMap":{"0":{"start":{"line":1,"column":0},"end":{"line":1,"column":37}},"1":{"start":{"line":2,"column":0},"end":{"line":2,"column":26}},"2":{"start":{"line":3,"column":0},"end":{"line":3,"column":39}}},"fnMap":{},"branchMap":{},"s":{"0":3,"1":3,"2":3},"f":{},"b":{}}
,"/Users/arman/Desktop/warehouse-api/warehouse-client/src/hooks/useAvailableProducts.ts": {"path":"/Users/arman/Desktop/warehouse-api/warehouse-client/src/hooks/useAvailableProducts.ts","statementMap":{"0":{"start":{"line":1,"column":0},"end":{"line":1,"column":32}},"1":{"start":{"line":7,"column":0},"end":{"line":7,"column":49}},"2":{"start":{"line":14,"column":36},"end":{"line":18,"column":1}},"3":{"start":{"line":15,"column":2},"end":{"line":17,"column":27}},"4":{"start":{"line":16,"column":4},"end":{"line":16,"column":57}},"5":{"start":{"line":14,"column":13},"end":{"line":14,"column":36}}},"fnMap":{"0":{"name":"(anonymous_0)","decl":{"start":{"line":14,"column":36},"end":{"line":14,"column":37}},"loc":{"start":{"line":14,"column":69},"end":{"line":18,"column":1}}},"1":{"name":"(anonymous_1)","decl":{"start":{"line":15,"column":17},"end":{"line":15,"column":20}},"loc":{"start":{"line":15,"column":22},"end":{"line":17,"column":3}}}},"branchMap":{},"s":{"0":3,"1":3,"2":3,"3":7,"4":6,"5":3},"f":{"0":7,"1":6},"b":{}}
,"/Users/arman/Desktop/warehouse-api/warehouse-client/src/hooks/useRequestProducts.ts": {"path":"/Users/arman/Desktop/warehouse-api/warehouse-client/src/hooks/useRequestProducts.ts","statementMap":{"0":{"start":{"line":1,"column":0},"end":{"line":1,"column":47}},"1":{"start":{"line":4,"column":0},"end":{"line":4,"column":null}},"2":{"start":{"line":11,"column":34},"end":{"line":33,"column":1}},"3":{"start":{"line":12,"column":33},"end":{"line":26,"column":8}},"4":{"start":{"line":13,"column":4},"end":{"line":25,"column":null}},"5":{"start":{"line":14,"column":6},"end":{"line":14,"column":45}},"6":{"start":{"line":15,"column":30},"end":{"line":15,"column":64}},"7":{"start":{"line":16,"column":30},"end":{"line":16,"column":65}},"8":{"start":{"line":17,"column":6},"end":{"line":17,"column":60}},"9":{"start":{"line":19,"column":6},"end":{"line":22,"column":9}},"10":{"start":{"line":24,"column":6},"end":{"line":24,"column":46}},"11":{"start":{"line":28,"column":2},"end":{"line":30,"column":31}},"12":{"start":{"line":29,"column":4},"end":{"line":29,"column":29}},"13":{"start":{"line":32,"column":2},"end":{"line":32,"column":12}},"14":{"start":{"line":11,"column":13},"end":{"line":11,"column":34}}},"fnMap":{"0":{"name":"(anonymous_0)","decl":{"start":{"line":11,"column":34},"end":{"line":11,"column":37}},"loc":{"start":{"line":11,"column":39},"end":{"line":33,"column":1}}},"1":{"name":"(anonymous_1)","decl":{"start":{"line":12,"column":45},"end":{"line":12,"column":50}},"loc":{"start":{"line":12,"column":56},"end":{"line":26,"column":3}}},"2":{"name":"(anonymous_2)","decl":{"start":{"line":28,"column":12},"end":{"line":28,"column":15}},"loc":{"start":{"line":28,"column":17},"end":{"line":30,"column":3}}}},"branchMap":{},"s":{"0":3,"1":3,"2":3,"3":2,"4":1,"5":1,"6":1,"7":1,"8":1,"9":0,"10":0,"11":2,"12":1,"13":2,"14":3},"f":{"0":2,"1":1,"2":1},"b":{}}
,"/Users/arman/Desktop/warehouse-api/warehouse-client/src/hooks/useSale.ts": {"path":"/Users/arman/Desktop/warehouse-api/warehouse-client/src/hooks/useSale.ts","statementMap":{"0":{"start":{"line":1,"column":0},"end":{"line":1,"column":36}},"1":{"start":{"line":7,"column":0},"end":{"line":7,"column":53}},"2":{"start":{"line":10,"column":0},"end":{"line":10,"column":56}},"3":{"start":{"line":12,"column":23},"end":{"line":66,"column":1}},"4":{"start":{"line":13,"column":22},"end":{"line":60,"column":null}},"5":{"start":{"line":21,"column":26},"end":{"line":21,"column":68}},"6":{"start":{"line":22,"column":26},"end":{"line":24,"column":8}},"7":{"start":{"line":25,"column":18},"end":{"line":28,"column":8}},"8":{"start":{"line":31,"column":6},"end":{"line":31,"column":48}},"9":{"start":{"line":34,"column":6},"end":{"line":58,"column":null}},"10":{"start":{"line":35,"column":46},"end":{"line":53,"column":null}},"11":{"start":{"line":37,"column":40},"end":{"line":38,"column":null}},"12":{"start":{"line":38,"column":31},"end":{"line":38,"column":60}},"13":{"start":{"line":41,"column":12},"end":{"line":47,"column":null}},"14":{"start":{"line":42,"column":14},"end":{"line":46,"column":16}},"15":{"start":{"line":49,"column":12},"end":{"line":52,"column":14}},"16":{"start":{"line":55,"column":8},"end":{"line":57,"column":11}},"17":{"start":{"line":63,"column":2},"end":{"line":65,"column":4}},"18":{"start":{"line":12,"column":13},"end":{"line":12,"column":23}}},"fnMap":{"0":{"name":"(anonymous_0)","decl":{"start":{"line":12,"column":23},"end":{"line":12,"column":26}},"loc":{"start":{"line":12,"column":28},"end":{"line":66,"column":1}}},"1":{"name":"(anonymous_1)","decl":{"start":{"line":14,"column":4},"end":{"line":14,"column":9}},"loc":{"start":{"line":20,"column":9},"end":{"line":59,"column":5}}},"2":{"name":"(anonymous_2)","decl":{"start":{"line":36,"column":10},"end":{"line":36,"column":11}},"loc":{"start":{"line":36,"column":31},"end":{"line":53,"column":11}}},"3":{"name":"(anonymous_3)","decl":{"start":{"line":38,"column":14},"end":{"line":38,"column":15}},"loc":{"start":{"line":38,"column":31},"end":{"line":38,"column":60}}}},"branchMap":{"0":{"loc":{"start":{"line":34,"column":6},"end":{"line":58,"column":null}},"type":"if","locations":[{"start":{"line":34,"column":6},"end":{"line":58,"column":null}}]},"1":{"loc":{"start":{"line":34,"column":10},"end":{"line":34,"column":60}},"type":"binary-expr","locations":[{"start":{"line":34,"column":10},"end":{"line":34,"column":29}},{"start":{"line":34,"column":33},"end":{"line":34,"column":60}}]},"2":{"loc":{"start":{"line":41,"column":12},"end":{"line":47,"column":null}},"type":"if","locations":[{"start":{"line":41,"column":12},"end":{"line":47,"column":null}}]}},"s":{"0":3,"1":3,"2":3,"3":3,"4":7,"5":1,"6":1,"7":1,"8":1,"9":1,"10":0,"11":0,"12":0,"13":0,"14":0,"15":0,"16":0,"17":7,"18":3},"f":{"0":7,"1":1,"2":0,"3":0},"b":{"0":[0],"1":[1,0],"2":[0]}}
,"/Users/arman/Desktop/warehouse-api/warehouse-client/src/store/articles.ts": {"path":"/Users/arman/Desktop/warehouse-api/warehouse-client/src/store/articles.ts","statementMap":{"0":{"start":{"line":1,"column":0},"end":{"line":1,"column":53}},"1":{"start":{"line":7,"column":0},"end":{"line":7,"column":31}},"2":{"start":{"line":10,"column":0},"end":{"line":10,"column":38}},"3":{"start":{"line":12,"column":17},"end":{"line":12,"column":43}},"4":{"start":{"line":14,"column":26},"end":{"line":25,"column":2}},"5":{"start":{"line":15,"column":2},"end":{"line":24,"column":null}},"6":{"start":{"line":16,"column":21},"end":{"line":16,"column":52}},"7":{"start":{"line":17,"column":4},"end":{"line":17,"column":16}},"8":{"start":{"line":19,"column":4},"end":{"line":22,"column":7}},"9":{"start":{"line":23,"column":4},"end":{"line":23,"column":14}},"10":{"start":{"line":27,"column":26},"end":{"line":37,"column":null}},"11":{"start":{"line":29,"column":4},"end":{"line":36,"column":null}},"12":{"start":{"line":30,"column":6},"end":{"line":30,"column":53}},"13":{"start":{"line":32,"column":6},"end":{"line":35,"column":9}},"14":{"start":{"line":40,"column":0},"end":{"line":40,"column":59}},"15":{"start":{"line":40,"column":53},"end":{"line":40,"column":57}},"16":{"start":{"line":42,"column":13},"end":{"line":44,"column":2}},"17":{"start":{"line":46,"column":13},"end":{"line":49,"column":2}}},"fnMap":{"0":{"name":"(anonymous_0)","decl":{"start":{"line":14,"column":39},"end":{"line":14,"column":44}},"loc":{"start":{"line":14,"column":70},"end":{"line":25,"column":1}}},"1":{"name":"(anonymous_1)","decl":{"start":{"line":28,"column":2},"end":{"line":28,"column":7}},"loc":{"start":{"line":28,"column":45},"end":{"line":37,"column":3}}},"2":{"name":"(anonymous_2)","decl":{"start":{"line":40,"column":40},"end":{"line":40,"column":41}},"loc":{"start":{"line":40,"column":53},"end":{"line":40,"column":57}}}},"branchMap":{},"s":{"0":3,"1":3,"2":3,"3":3,"4":3,"5":2,"6":2,"7":1,"8":0,"9":0,"10":3,"11":1,"12":1,"13":0,"14":3,"15":1,"16":3,"17":3},"f":{"0":2,"1":1,"2":1},"b":{}}
,"/Users/arman/Desktop/warehouse-api/warehouse-client/src/store/error.ts": {"path":"/Users/arman/Desktop/warehouse-api/warehouse-client/src/store/error.ts","statementMap":{"0":{"start":{"line":1,"column":0},"end":{"line":1,"column":52}},"1":{"start":{"line":8,"column":14},"end":{"line":8,"column":65}},"2":{"start":{"line":10,"column":25},"end":{"line":10,"column":45}},"3":{"start":{"line":12,"column":0},"end":{"line":12,"column":56}},"4":{"start":{"line":12,"column":47},"end":{"line":12,"column":54}},"5":{"start":{"line":14,"column":13},"end":{"line":16,"column":2}},"6":{"start":{"line":18,"column":13},"end":{"line":20,"column":2}}},"fnMap":{"0":{"name":"(anonymous_0)","decl":{"start":{"line":12,"column":27},"end":{"line":12,"column":28}},"loc":{"start":{"line":12,"column":47},"end":{"line":12,"column":54}}}},"branchMap":{},"s":{"0":3,"1":3,"2":3,"3":3,"4":0,"5":3,"6":3},"f":{"0":0},"b":{}}
,"/Users/arman/Desktop/warehouse-api/warehouse-client/src/store/index.ts": {"path":"/Users/arman/Desktop/warehouse-api/warehouse-client/src/store/index.ts","statementMap":{"0":{"start":{"line":1,"column":0},"end":{"line":1,"column":27}},"1":{"start":{"line":2,"column":0},"end":{"line":2,"column":27}},"2":{"start":{"line":3,"column":0},"end":{"line":3,"column":24}},"3":{"start":{"line":4,"column":0},"end":{"line":4,"column":24}},"4":{"start":{"line":5,"column":0},"end":{"line":5,"column":26}}},"fnMap":{},"branchMap":{},"s":{"0":3,"1":3,"2":3,"3":3,"4":3},"f":{},"b":{}}
,"/Users/arman/Desktop/warehouse-api/warehouse-client/src/store/loading.ts": {"path":"/Users/arman/Desktop/warehouse-api/warehouse-client/src/store/loading.ts","statementMap":{"0":{"start":{"line":1,"column":0},"end":{"line":1,"column":52}},"1":{"start":{"line":3,"column":18},"end":{"line":3,"column":45}},"2":{"start":{"line":5,"column":27},"end":{"line":5,"column":49}},"3":{"start":{"line":7,"column":0},"end":{"line":7,"column":58}},"4":{"start":{"line":7,"column":49},"end":{"line":7,"column":56}},"5":{"start":{"line":9,"column":13},"end":{"line":11,"column":2}},"6":{"start":{"line":13,"column":13},"end":{"line":15,"column":2}}},"fnMap":{"0":{"name":"(anonymous_0)","decl":{"start":{"line":7,"column":33},"end":{"line":7,"column":34}},"loc":{"start":{"line":7,"column":49},"end":{"line":7,"column":56}}}},"branchMap":{},"s":{"0":3,"1":3,"2":3,"3":3,"4":1,"5":3,"6":3},"f":{"0":1},"b":{}}
,"/Users/arman/Desktop/warehouse-api/warehouse-client/src/store/products.ts": {"path":"/Users/arman/Desktop/warehouse-api/warehouse-client/src/store/products.ts","statementMap":{"0":{"start":{"line":1,"column":0},"end":{"line":1,"column":53}},"1":{"start":{"line":7,"column":0},"end":{"line":7,"column":31}},"2":{"start":{"line":10,"column":0},"end":{"line":10,"column":38}},"3":{"start":{"line":12,"column":17},"end":{"line":12,"column":43}},"4":{"start":{"line":14,"column":26},"end":{"line":25,"column":2}},"5":{"start":{"line":15,"column":2},"end":{"line":24,"column":null}},"6":{"start":{"line":16,"column":21},"end":{"line":16,"column":52}},"7":{"start":{"line":17,"column":4},"end":{"line":17,"column":16}},"8":{"start":{"line":19,"column":4},"end":{"line":22,"column":7}},"9":{"start":{"line":23,"column":4},"end":{"line":23,"column":14}},"10":{"start":{"line":27,"column":0},"end":{"line":27,"column":59}},"11":{"start":{"line":27,"column":53},"end":{"line":27,"column":57}},"12":{"start":{"line":29,"column":13},"end":{"line":31,"column":2}},"13":{"start":{"line":33,"column":13},"end":{"line":35,"column":2}}},"fnMap":{"0":{"name":"(anonymous_0)","decl":{"start":{"line":14,"column":39},"end":{"line":14,"column":44}},"loc":{"start":{"line":14,"column":70},"end":{"line":25,"column":1}}},"1":{"name":"(anonymous_1)","decl":{"start":{"line":27,"column":40},"end":{"line":27,"column":41}},"loc":{"start":{"line":27,"column":53},"end":{"line":27,"column":57}}}},"branchMap":{},"s":{"0":3,"1":3,"2":3,"3":3,"4":3,"5":1,"6":1,"7":0,"8":0,"9":0,"10":3,"11":0,"12":3,"13":3},"f":{"0":1,"1":0},"b":{}}
,"/Users/arman/Desktop/warehouse-api/warehouse-client/src/store/sales.ts": {"path":"/Users/arman/Desktop/warehouse-api/warehouse-client/src/store/sales.ts","statementMap":{"0":{"start":{"line":1,"column":0},"end":{"line":1,"column":40}},"1":{"start":{"line":4,"column":0},"end":{"line":4,"column":31}},"2":{"start":{"line":7,"column":0},"end":{"line":7,"column":38}},"3":{"start":{"line":9,"column":13},"end":{"line":20,"column":2}},"4":{"start":{"line":11,"column":4},"end":{"line":18,"column":null}},"5":{"start":{"line":12,"column":6},"end":{"line":12,"column":49}},"6":{"start":{"line":14,"column":6},"end":{"line":17,"column":9}},"7":{"start":{"line":22,"column":13},"end":{"line":24,"column":2}}},"fnMap":{"0":{"name":"(anonymous_0)","decl":{"start":{"line":10,"column":2},"end":{"line":10,"column":7}},"loc":{"start":{"line":10,"column":60},"end":{"line":19,"column":3}}}},"branchMap":{},"s":{"0":3,"1":3,"2":3,"3":3,"4":1,"5":1,"6":0,"7":3},"f":{"0":1},"b":{}}
,"/Users/arman/Desktop/warehouse-api/warehouse-client/src/utils/findArticleName.ts": {"path":"/Users/arman/Desktop/warehouse-api/warehouse-client/src/utils/findArticleName.ts","statementMap":{"0":{"start":{"line":3,"column":31},"end":{"line":5,"column":1}},"1":{"start":{"line":4,"column":2},"end":{"line":4,"column":61}},"2":{"start":{"line":4,"column":35},"end":{"line":4,"column":53}},"3":{"start":{"line":3,"column":13},"end":{"line":3,"column":31}}},"fnMap":{"0":{"name":"(anonymous_0)","decl":{"start":{"line":3,"column":31},"end":{"line":3,"column":32}},"loc":{"start":{"line":3,"column":74},"end":{"line":5,"column":1}}},"1":{"name":"(anonymous_1)","decl":{"start":{"line":4,"column":23},"end":{"line":4,"column":24}},"loc":{"start":{"line":4,"column":35},"end":{"line":4,"column":53}}}},"branchMap":{},"s":{"0":6,"1":3,"2":3,"3":6},"f":{"0":3,"1":3},"b":{}}
,"/Users/arman/Desktop/warehouse-api/warehouse-client/src/utils/findAvailableProducts.ts": {"path":"/Users/arman/Desktop/warehouse-api/warehouse-client/src/utils/findAvailableProducts.ts","statementMap":{"0":{"start":{"line":3,"column":37},"end":{"line":20,"column":1}},"1":{"start":{"line":10,"column":2},"end":{"line":19,"column":5}},"2":{"start":{"line":11,"column":4},"end":{"line":18,"column":7}},"3":{"start":{"line":12,"column":27},"end":{"line":12,"column":68}},"4":{"start":{"line":12,"column":48},"end":{"line":12,"column":67}},"5":{"start":{"line":13,"column":6},"end":{"line":15,"column":null}},"6":{"start":{"line":14,"column":8},"end":{"line":14,"column":68}},"7":{"start":{"line":17,"column":6},"end":{"line":17,"column":19}},"8":{"start":{"line":3,"column":13},"end":{"line":3,"column":37}}},"fnMap":{"0":{"name":"(anonymous_0)","decl":{"start":{"line":3,"column":37},"end":{"line":3,"column":38}},"loc":{"start":{"line":9,"column":16},"end":{"line":20,"column":1}}},"1":{"name":"(anonymous_1)","decl":{"start":{"line":10,"column":25},"end":{"line":10,"column":26}},"loc":{"start":{"line":10,"column":69},"end":{"line":19,"column":3}}},"2":{"name":"(anonymous_2)","decl":{"start":{"line":11,"column":33},"end":{"line":11,"column":34}},"loc":{"start":{"line":11,"column":45},"end":{"line":18,"column":5}}},"3":{"name":"(anonymous_3)","decl":{"start":{"line":12,"column":41},"end":{"line":12,"column":42}},"loc":{"start":{"line":12,"column":48},"end":{"line":12,"column":67}}}},"branchMap":{"0":{"loc":{"start":{"line":13,"column":6},"end":{"line":15,"column":null}},"type":"if","locations":[{"start":{"line":13,"column":6},"end":{"line":15,"column":null}}]}},"s":{"0":6,"1":8,"2":8,"3":8,"4":8,"5":8,"6":8,"7":0,"8":6},"f":{"0":8,"1":8,"2":8,"3":8},"b":{"0":[8]}}
,"/Users/arman/Desktop/warehouse-api/warehouse-client/src/utils/generateArticlesForUpdate.ts": {"path":"/Users/arman/Desktop/warehouse-api/warehouse-client/src/utils/generateArticlesForUpdate.ts","statementMap":{"0":{"start":{"line":3,"column":41},"end":{"line":10,"column":1}},"1":{"start":{"line":6,"column":2},"end":{"line":9,"column":6}},"2":{"start":{"line":6,"column":58},"end":{"line":9,"column":4}},"3":{"start":{"line":3,"column":13},"end":{"line":3,"column":41}}},"fnMap":{"0":{"name":"(anonymous_0)","decl":{"start":{"line":3,"column":41},"end":{"line":3,"column":null}},"loc":{"start":{"line":5,"column":18},"end":{"line":10,"column":1}}},"1":{"name":"(anonymous_1)","decl":{"start":{"line":6,"column":22},"end":{"line":6,"column":23}},"loc":{"start":{"line":6,"column":58},"end":{"line":9,"column":4}}}},"branchMap":{},"s":{"0":6,"1":2,"2":1,"3":6},"f":{"0":2,"1":1},"b":{}}
,"/Users/arman/Desktop/warehouse-api/warehouse-client/src/utils/index.ts": {"path":"/Users/arman/Desktop/warehouse-api/warehouse-client/src/utils/index.ts","statementMap":{"0":{"start":{"line":1,"column":0},"end":{"line":1,"column":40}},"1":{"start":{"line":2,"column":0},"end":{"line":2,"column":44}},"2":{"start":{"line":3,"column":0},"end":{"line":3,"column":34}}},"fnMap":{},"branchMap":{},"s":{"0":6,"1":6,"2":6},"f":{},"b":{}}
}
