TN:
SF:src/axios/index.ts
FN:18,(anonymous_0)
FN:22,(anonymous_1)
FNF:2
FNH:2
FNDA:2,(anonymous_0)
FNDA:2,(anonymous_1)
DA:1,3
DA:2,3
DA:5,3
DA:7,3
DA:16,3
DA:19,2
DA:20,2
DA:23,2
DA:27,3
LF:9
LH:9
BRF:0
BRH:0
end_of_record
TN:
SF:src/components/Products/index.tsx
FN:29,(anonymous_0)
FN:51,(anonymous_1)
FN:56,(anonymous_2)
FN:69,(anonymous_3)
FNF:4
FNH:3
FNDA:5,(anonymous_0)
FNDA:2,(anonymous_1)
FNDA:2,(anonymous_2)
FNDA:0,(anonymous_3)
DA:1,1
DA:2,1
DA:3,1
DA:6,1
DA:9,1
DA:12,1
DA:15,1
DA:23,1
DA:24,1
DA:25,1
DA:27,1
DA:29,1
DA:30,5
DA:31,5
DA:32,5
DA:33,5
DA:34,5
DA:35,5
DA:37,5
DA:38,2
DA:45,3
DA:46,1
DA:49,2
DA:52,2
DA:57,2
DA:58,2
DA:69,0
LF:27
LH:26
BRDA:37,0,0,2
BRDA:45,1,0,1
BRDA:51,2,0,0
BRF:3
BRH:2
end_of_record
TN:
SF:src/components/common/Button/index.tsx
FN:16,(anonymous_0)
FNF:1
FNH:1
FNDA:5,(anonymous_0)
DA:2,2
DA:5,2
DA:14,2
DA:16,2
DA:22,5
LF:5
LH:5
BRDA:17,0,0,4
BRDA:19,1,0,5
BRF:2
BRH:2
end_of_record
TN:
SF:src/components/common/Card/index.tsx
FN:12,(anonymous_0)
FNF:1
FNH:1
FNDA:3,(anonymous_0)
DA:2,2
DA:4,2
DA:6,2
DA:12,2
DA:13,3
LF:5
LH:5
BRF:0
BRH:0
end_of_record
TN:
SF:src/components/common/Tag/index.tsx
FN:13,(anonymous_0)
FNF:1
FNH:1
FNDA:3,(anonymous_0)
DA:2,2
DA:5,2
DA:11,2
DA:13,2
DA:14,3
LF:5
LH:5
BRF:0
BRH:0
end_of_record
TN:
SF:src/constants/index.ts
FNF:0
FNH:0
DA:2,3
LF:1
LH:1
BRF:0
BRH:0
end_of_record
TN:
SF:src/hooks/index.ts
FNF:0
FNH:0
DA:1,3
DA:2,3
DA:3,3
LF:3
LH:3
BRF:0
BRH:0
end_of_record
TN:
SF:src/hooks/useAvailableProducts.ts
FN:14,(anonymous_0)
FN:15,(anonymous_1)
FNF:2
FNH:2
FNDA:7,(anonymous_0)
FNDA:6,(anonymous_1)
DA:1,3
DA:7,3
DA:14,3
DA:15,7
DA:16,6
LF:5
LH:5
BRF:0
BRH:0
end_of_record
TN:
SF:src/hooks/useRequestProducts.ts
FN:11,(anonymous_0)
FN:12,(anonymous_1)
FN:28,(anonymous_2)
FNF:3
FNH:3
FNDA:2,(anonymous_0)
FNDA:1,(anonymous_1)
FNDA:1,(anonymous_2)
DA:1,3
DA:4,3
DA:11,3
DA:12,2
DA:13,1
DA:14,1
DA:15,1
DA:16,1
DA:17,1
DA:19,0
DA:24,0
DA:28,2
DA:29,1
DA:32,2
LF:14
LH:12
BRF:0
BRH:0
end_of_record
TN:
SF:src/hooks/useSale.ts
FN:12,(anonymous_0)
FN:14,(anonymous_1)
FN:36,(anonymous_2)
FN:38,(anonymous_3)
FNF:4
FNH:2
FNDA:7,(anonymous_0)
FNDA:1,(anonymous_1)
FNDA:0,(anonymous_2)
FNDA:0,(anonymous_3)
DA:1,3
DA:7,3
DA:10,3
DA:12,3
DA:13,7
DA:21,1
DA:22,1
DA:25,1
DA:31,1
DA:34,1
DA:35,0
DA:37,0
DA:38,0
DA:41,0
DA:42,0
DA:49,0
DA:55,0
DA:63,7
LF:18
LH:11
BRDA:34,0,0,0
BRDA:34,1,0,1
BRDA:34,1,1,0
BRDA:41,2,0,0
BRF:4
BRH:1
end_of_record
TN:
SF:src/store/articles.ts
FN:14,(anonymous_0)
FN:28,(anonymous_1)
FN:40,(anonymous_2)
FNF:3
FNH:3
FNDA:2,(anonymous_0)
FNDA:1,(anonymous_1)
FNDA:1,(anonymous_2)
DA:1,3
DA:7,3
DA:10,3
DA:12,3
DA:14,3
DA:15,2
DA:16,2
DA:17,1
DA:19,0
DA:23,0
DA:27,3
DA:29,1
DA:30,1
DA:32,0
DA:40,3
DA:42,3
DA:46,3
LF:17
LH:14
BRF:0
BRH:0
end_of_record
TN:
SF:src/store/error.ts
FN:12,(anonymous_0)
FNF:1
FNH:0
FNDA:0,(anonymous_0)
DA:1,3
DA:8,3
DA:10,3
DA:12,3
DA:14,3
DA:18,3
LF:6
LH:6
BRF:0
BRH:0
end_of_record
TN:
SF:src/store/index.ts
FNF:0
FNH:0
DA:1,3
DA:2,3
DA:3,3
DA:4,3
DA:5,3
LF:5
LH:5
BRF:0
BRH:0
end_of_record
TN:
SF:src/store/loading.ts
FN:7,(anonymous_0)
FNF:1
FNH:1
FNDA:1,(anonymous_0)
DA:1,3
DA:3,3
DA:5,3
DA:7,3
DA:9,3
DA:13,3
LF:6
LH:6
BRF:0
BRH:0
end_of_record
TN:
SF:src/store/products.ts
FN:14,(anonymous_0)
FN:27,(anonymous_1)
FNF:2
FNH:1
FNDA:1,(anonymous_0)
FNDA:0,(anonymous_1)
DA:1,3
DA:7,3
DA:10,3
DA:12,3
DA:14,3
DA:15,1
DA:16,1
DA:17,0
DA:19,0
DA:23,0
DA:27,3
DA:29,3
DA:33,3
LF:13
LH:10
BRF:0
BRH:0
end_of_record
TN:
SF:src/store/sales.ts
FN:10,(anonymous_0)
FNF:1
FNH:1
FNDA:1,(anonymous_0)
DA:1,3
DA:4,3
DA:7,3
DA:9,3
DA:11,1
DA:12,1
DA:14,0
DA:22,3
LF:8
LH:7
BRF:0
BRH:0
end_of_record
TN:
SF:src/utils/findArticleName.ts
FN:3,(anonymous_0)
FN:4,(anonymous_1)
FNF:2
FNH:2
FNDA:3,(anonymous_0)
FNDA:3,(anonymous_1)
DA:3,6
DA:4,3
LF:2
LH:2
BRF:0
BRH:0
end_of_record
TN:
SF:src/utils/findAvailableProducts.ts
FN:3,(anonymous_0)
FN:10,(anonymous_1)
FN:11,(anonymous_2)
FN:12,(anonymous_3)
FNF:4
FNH:4
FNDA:8,(anonymous_0)
FNDA:8,(anonymous_1)
FNDA:8,(anonymous_2)
FNDA:8,(anonymous_3)
DA:3,6
DA:10,8
DA:11,8
DA:12,8
DA:13,8
DA:14,8
DA:17,0
LF:7
LH:6
BRDA:13,0,0,8
BRF:1
BRH:1
end_of_record
TN:
SF:src/utils/generateArticlesForUpdate.ts
FN:3,(anonymous_0)
FN:6,(anonymous_1)
FNF:2
FNH:2
FNDA:2,(anonymous_0)
FNDA:1,(anonymous_1)
DA:3,6
DA:6,2
LF:2
LH:2
BRF:0
BRH:0
end_of_record
TN:
SF:src/utils/index.ts
FNF:0
FNH:0
DA:1,6
DA:2,6
DA:3,6
LF:3
LH:3
BRF:0
BRH:0
end_of_record
